/var/spool/slurmd/job5197648/slurm_script: line 12: activate: No such file or directory
WARNING:absl:No GPU/TPU found, falling back to CPU. (Set TF_CPP_MIN_LOG_LEVEL=0 and rerun for more info.)
Traceback (most recent call last):
  File "main.py", line 50, in <module>
    main()
  File "main.py", line 42, in main
    _opt(n_tr, batch_size, lr, l, beta_, list_Wdecay, bool_randW)
  File "/scratch/ssd002/home/rvargas/huxel/huxel/optimization.py", line 76, in _optimization
    D_tr, D_val, batches, n_batches, subkey = get_tr_val_data(
  File "/scratch/ssd002/home/rvargas/huxel/huxel/data.py", line 69, in get_tr_val_data
    D_tr, D_val = split_trainig_test(n_tr, subkey)
  File "/scratch/ssd002/home/rvargas/huxel/huxel/data.py", line 41, in split_trainig_test
    D, _ = get_raw_data()
  File "/scratch/ssd002/home/rvargas/huxel/huxel/data.py", line 12, in get_raw_data
    return jnp.load(
  File "/h/rvargas/.local/lib/python3.8/site-packages/numpy/lib/npyio.py", line 417, in load
    fid = stack.enter_context(open(os_fspath(file), "rb"))
FileNotFoundError: [Errno 2] No such file or directory: 'huxel/data/gdb13_list_100000_training.npy'
WARNING:absl:No GPU/TPU found, falling back to CPU. (Set TF_CPP_MIN_LOG_LEVEL=0 and rerun for more info.)
Traceback (most recent call last):
  File "main.py", line 50, in <module>
    main()
  File "main.py", line 44, in main
    _pred(n_tr, l, beta_, bool_randW)
  File "/scratch/ssd002/home/rvargas/huxel/huxel/prediction.py", line 42, in _pred
    _, D = get_raw_data()
  File "/scratch/ssd002/home/rvargas/huxel/huxel/data.py", line 12, in get_raw_data
    return jnp.load(
  File "/h/rvargas/.local/lib/python3.8/site-packages/numpy/lib/npyio.py", line 417, in load
    fid = stack.enter_context(open(os_fspath(file), "rb"))
FileNotFoundError: [Errno 2] No such file or directory: 'huxel/data/gdb13_list_100000_training.npy'
